2025-07-27T21:29:38.182126+03:00 mail dovecot: master: Dovecot v2.3.19.1 (9b53102964) starting up for imap, lmtp (core dumps disabled)
2025-07-27T21:29:38.429765+03:00 mail opendkim[725]: OpenDKIM Filter v2.11.0 starting (args: -f)
2025-07-27T21:29:38.530185+03:00 mail opendmarc[734]: OpenDMARC Filter v1.4.2 starting (args: -f -p inet:8893@localhost -P /var/run/opendmarc/opendmarc.pid)
2025-07-27T21:29:38.530195+03:00 mail opendmarc[734]: additional trusted authentication services: mail.flowpost.org
2025-07-27T21:29:38.946370+03:00 mail postfix/postfix-script[832]: starting the Postfix mail system
2025-07-27T21:29:38.962005+03:00 mail postfix/master[833]: fatal: chmod socket private/smtpd: Invalid argument
2025-07-27T21:29:39.643757+03:00 mail amavis[781]: starting. /usr/sbin/amavisd at mail.flowpost.org amavis-2.13.0 (20230106), Unicode aware, LC_CTYPE="C.UTF-8"
2025-07-27T21:29:39.643811+03:00 mail amavis[781]: perl=5.036000, user=, EUID: 999 (999);  group=(), EGID: 999 999 (999 999)
2025-07-27T21:29:39.729255+03:00 mail amavis[781]: Net::Server: Group Not Defined.  Defaulting to EGID '999 999'
2025-07-27T21:29:39.729294+03:00 mail amavis[781]: Net::Server: User Not Defined.  Defaulting to EUID '999'
2025-07-27T21:29:39.736862+03:00 mail amavis[781]: No ext program for   .zoo, tried: zoo
2025-07-27T21:29:39.736914+03:00 mail amavis[781]: No ext program for   .doc, tried: ripole
2025-07-27T21:29:39.737188+03:00 mail amavis[781]: No ext program for   .zst, tried: unzstd
2025-07-27T21:29:39.737203+03:00 mail amavis[781]: No decoder for       .F   
2025-07-27T21:29:39.737206+03:00 mail amavis[781]: No decoder for       .doc 
2025-07-27T21:29:39.737208+03:00 mail amavis[781]: No decoder for       .zoo 
2025-07-27T21:29:39.737211+03:00 mail amavis[781]: No decoder for       .zst 
2025-07-27T21:29:44.902889+03:00 mail postfix/postfix-script[954]: warning: not owned by postfix: /var/lib/postfix/./master.lock
2025-07-27T21:29:44.912493+03:00 mail postfix/postfix-script[965]: starting the Postfix mail system
2025-07-27T21:29:44.915278+03:00 mail postfix/master[966]: fatal: chmod socket private/smtpd: Invalid argument
2025-07-27T21:29:50.993368+03:00 mail postfix/postfix-script[1044]: starting the Postfix mail system
2025-07-27T21:29:50.996698+03:00 mail postfix/master[1045]: fatal: chmod socket private/smtpd: Invalid argument
2025-07-27T21:29:57.068143+03:00 mail postfix/postfix-script[1188]: starting the Postfix mail system
2025-07-27T21:29:57.070672+03:00 mail postfix/master[1189]: fatal: chmod socket private/smtpd: Invalid argument
2025-07-27T21:30:03.188651+03:00 mail postfix/postfix-script[1267]: starting the Postfix mail system
2025-07-27T21:30:03.191136+03:00 mail postfix/master[1268]: fatal: chmod socket private/smtpd: Invalid argument
2025-07-27T21:30:09.263177+03:00 mail postfix/postfix-script[1346]: starting the Postfix mail system
2025-07-27T21:30:09.265598+03:00 mail postfix/master[1347]: fatal: chmod socket private/smtpd: Invalid argument
2025-07-27T21:30:15.392962+03:00 mail postfix/postfix-script[1428]: starting the Postfix mail system
2025-07-27T21:30:15.395659+03:00 mail postfix/master[1429]: fatal: chmod socket private/smtpd: Invalid argument
2025-07-27T21:30:21.520633+03:00 mail postfix/postfix-script[1507]: starting the Postfix mail system
2025-07-27T21:30:21.523644+03:00 mail postfix/master[1508]: fatal: chmod socket private/smtpd: Invalid argument
2025-07-27T21:30:27.561838+03:00 mail postfix/postfix-script[1586]: starting the Postfix mail system
2025-07-27T21:30:27.564040+03:00 mail postfix/master[1587]: fatal: chmod socket private/smtpd: Invalid argument
2025-07-27T21:30:33.674412+03:00 mail postfix/postfix-script[1665]: starting the Postfix mail system
2025-07-27T21:30:33.677381+03:00 mail postfix/master[1666]: fatal: chmod socket private/smtpd: Invalid argument
2025-07-27T21:30:39.769317+03:00 mail postfix/postfix-script[1744]: starting the Postfix mail system
2025-07-27T21:30:39.773341+03:00 mail postfix/master[1745]: fatal: chmod socket private/smtpd: Invalid argument
2025-07-27T21:30:45.926230+03:00 mail postfix/postfix-script[1823]: starting the Postfix mail system
2025-07-27T21:30:45.929142+03:00 mail postfix/master[1824]: fatal: chmod socket private/smtpd: Invalid argument
2025-07-27T21:30:51.996871+03:00 mail postfix/postfix-script[1902]: starting the Postfix mail system
2025-07-27T21:30:52.000248+03:00 mail postfix/master[1903]: fatal: chmod socket private/smtpd: Invalid argument
2025-07-27T21:30:58.085089+03:00 mail postfix/postfix-script[1981]: starting the Postfix mail system
2025-07-27T21:30:58.089142+03:00 mail postfix/master[1982]: fatal: chmod socket private/smtpd: Invalid argument
2025-07-27T21:31:04.167624+03:00 mail postfix/postfix-script[2060]: starting the Postfix mail system
2025-07-27T21:31:04.169946+03:00 mail postfix/master[2061]: fatal: chmod socket private/smtpd: Invalid argument
2025-07-27T21:31:10.253576+03:00 mail postfix/postfix-script[2139]: starting the Postfix mail system
2025-07-27T21:31:10.256083+03:00 mail postfix/master[2140]: fatal: chmod socket private/smtpd: Invalid argument
2025-07-27T21:31:16.334314+03:00 mail postfix/postfix-script[2218]: starting the Postfix mail system
2025-07-27T21:31:16.336817+03:00 mail postfix/master[2219]: fatal: chmod socket private/smtpd: Invalid argument
2025-07-27T21:31:22.487156+03:00 mail postfix/postfix-script[2297]: starting the Postfix mail system
2025-07-27T21:31:22.489861+03:00 mail postfix/master[2298]: fatal: chmod socket private/smtpd: Invalid argument
2025-07-27T21:31:28.578021+03:00 mail postfix/postfix-script[2376]: starting the Postfix mail system
2025-07-27T21:31:28.580850+03:00 mail postfix/master[2377]: fatal: chmod socket private/smtpd: Invalid argument
2025-07-27T21:31:34.681700+03:00 mail postfix/postfix-script[2455]: starting the Postfix mail system
2025-07-27T21:31:34.684691+03:00 mail postfix/master[2456]: fatal: chmod socket private/smtpd: Invalid argument
2025-07-27T21:31:40.773460+03:00 mail postfix/postfix-script[2534]: starting the Postfix mail system
2025-07-27T21:31:40.775929+03:00 mail postfix/master[2535]: fatal: chmod socket private/smtpd: Invalid argument
2025-07-27T21:31:46.844330+03:00 mail postfix/postfix-script[2613]: starting the Postfix mail system
2025-07-27T21:31:46.846909+03:00 mail postfix/master[2614]: fatal: chmod socket private/smtpd: Invalid argument
2025-07-27T21:31:52.928585+03:00 mail postfix/postfix-script[2692]: starting the Postfix mail system
2025-07-27T21:31:52.931777+03:00 mail postfix/master[2693]: fatal: chmod socket private/smtpd: Invalid argument
2025-07-27T21:31:59.006990+03:00 mail postfix/postfix-script[2771]: starting the Postfix mail system
2025-07-27T21:31:59.009374+03:00 mail postfix/master[2772]: fatal: chmod socket private/smtpd: Invalid argument
2025-07-27T21:32:05.074785+03:00 mail postfix/postfix-script[2850]: starting the Postfix mail system
2025-07-27T21:32:05.077187+03:00 mail postfix/master[2851]: fatal: chmod socket private/smtpd: Invalid argument
2025-07-27T21:32:10.191458+03:00 mail postfix/postfix-script[2926]: starting the Postfix mail system
2025-07-27T21:32:10.194061+03:00 mail postfix/master[2927]: fatal: chmod socket private/smtpd: Invalid argument
2025-07-27T21:32:16.291602+03:00 mail postfix/postfix-script[3005]: starting the Postfix mail system
2025-07-27T21:32:16.294394+03:00 mail postfix/master[3006]: fatal: chmod socket private/smtpd: Invalid argument
2025-07-27T21:32:22.392244+03:00 mail postfix/postfix-script[3084]: starting the Postfix mail system
2025-07-27T21:32:22.394660+03:00 mail postfix/master[3085]: fatal: chmod socket private/smtpd: Invalid argument
2025-07-27T21:32:28.485970+03:00 mail postfix/postfix-script[3163]: starting the Postfix mail system
2025-07-27T21:32:28.489554+03:00 mail postfix/master[3164]: fatal: chmod socket private/smtpd: Invalid argument
2025-07-27T21:32:34.661164+03:00 mail postfix/postfix-script[3245]: starting the Postfix mail system
2025-07-27T21:32:34.663914+03:00 mail postfix/master[3246]: fatal: chmod socket private/smtpd: Invalid argument
2025-07-27T21:32:40.736183+03:00 mail postfix/postfix-script[3324]: starting the Postfix mail system
2025-07-27T21:32:40.738879+03:00 mail postfix/master[3325]: fatal: chmod socket private/smtpd: Invalid argument
2025-07-27T21:32:46.913916+03:00 mail postfix/postfix-script[3403]: starting the Postfix mail system
2025-07-27T21:32:46.917176+03:00 mail postfix/master[3404]: fatal: chmod socket private/smtpd: Invalid argument
2025-07-27T21:32:52.959263+03:00 mail postfix/postfix-script[3482]: starting the Postfix mail system
2025-07-27T21:32:52.962141+03:00 mail postfix/master[3483]: fatal: chmod socket private/smtpd: Invalid argument
2025-07-27T21:32:59.186205+03:00 mail postfix/postfix-script[3561]: starting the Postfix mail system
2025-07-27T21:32:59.192867+03:00 mail postfix/master[3562]: fatal: chmod socket private/smtpd: Invalid argument
2025-07-27T21:33:05.181856+03:00 mail postfix/postfix-script[3640]: starting the Postfix mail system
2025-07-27T21:33:05.184368+03:00 mail postfix/master[3641]: fatal: chmod socket private/smtpd: Invalid argument
2025-07-27T21:33:10.260115+03:00 mail postfix/postfix-script[3716]: starting the Postfix mail system
2025-07-27T21:33:10.262852+03:00 mail postfix/master[3717]: fatal: chmod socket private/smtpd: Invalid argument
2025-07-27T21:33:16.434547+03:00 mail postfix/postfix-script[3795]: starting the Postfix mail system
2025-07-27T21:33:16.437057+03:00 mail postfix/master[3796]: fatal: chmod socket private/smtpd: Invalid argument
2025-07-27T21:33:22.509566+03:00 mail postfix/postfix-script[3874]: starting the Postfix mail system
2025-07-27T21:33:22.512122+03:00 mail postfix/master[3875]: fatal: chmod socket private/smtpd: Invalid argument
2025-07-27T21:33:28.560753+03:00 mail postfix/postfix-script[3953]: starting the Postfix mail system
2025-07-27T21:33:28.563301+03:00 mail postfix/master[3954]: fatal: chmod socket private/smtpd: Invalid argument
2025-07-27T21:33:34.646541+03:00 mail postfix/postfix-script[4032]: starting the Postfix mail system
2025-07-27T21:33:34.651039+03:00 mail postfix/master[4033]: fatal: chmod socket private/smtpd: Invalid argument
2025-07-27T21:33:40.739405+03:00 mail postfix/postfix-script[4111]: starting the Postfix mail system
2025-07-27T21:33:40.741807+03:00 mail postfix/master[4112]: fatal: chmod socket private/smtpd: Invalid argument
2025-07-27T21:33:46.840684+03:00 mail postfix/postfix-script[4190]: starting the Postfix mail system
2025-07-27T21:33:46.843187+03:00 mail postfix/master[4191]: fatal: chmod socket private/smtpd: Invalid argument
2025-07-27T21:33:52.934431+03:00 mail postfix/postfix-script[4269]: starting the Postfix mail system
2025-07-27T21:33:52.938665+03:00 mail postfix/master[4270]: fatal: chmod socket private/smtpd: Invalid argument
2025-07-27T21:33:59.171183+03:00 mail postfix/postfix-script[4348]: starting the Postfix mail system
2025-07-27T21:33:59.174220+03:00 mail postfix/master[4349]: fatal: chmod socket private/smtpd: Invalid argument
2025-07-27T21:34:05.149930+03:00 mail postfix/postfix-script[4427]: starting the Postfix mail system
2025-07-27T21:34:05.152552+03:00 mail postfix/master[4428]: fatal: chmod socket private/smtpd: Invalid argument
2025-07-27T21:34:11.408807+03:00 mail postfix/postfix-script[4506]: starting the Postfix mail system
2025-07-27T21:34:11.415243+03:00 mail postfix/master[4507]: fatal: chmod socket private/smtpd: Invalid argument
2025-07-27T21:34:17.408118+03:00 mail postfix/postfix-script[4585]: starting the Postfix mail system
2025-07-27T21:34:17.411326+03:00 mail postfix/master[4586]: fatal: chmod socket private/smtpd: Invalid argument
2025-07-27T21:34:23.489405+03:00 mail postfix/postfix-script[4664]: starting the Postfix mail system
2025-07-27T21:34:23.491811+03:00 mail postfix/master[4665]: fatal: chmod socket private/smtpd: Invalid argument
2025-07-27T21:34:29.671287+03:00 mail postfix/postfix-script[4743]: starting the Postfix mail system
2025-07-27T21:34:29.674535+03:00 mail postfix/master[4744]: fatal: chmod socket private/smtpd: Invalid argument
2025-07-27T21:34:35.774135+03:00 mail postfix/postfix-script[4822]: starting the Postfix mail system
2025-07-27T21:34:35.777173+03:00 mail postfix/master[4823]: fatal: chmod socket private/smtpd: Invalid argument
2025-07-27T21:34:40.890809+03:00 mail postfix/postfix-script[4901]: starting the Postfix mail system
2025-07-27T21:34:40.893895+03:00 mail postfix/master[4902]: fatal: chmod socket private/smtpd: Invalid argument
2025-07-27T21:34:46.932134+03:00 mail postfix/postfix-script[4980]: starting the Postfix mail system
2025-07-27T21:34:46.934387+03:00 mail postfix/master[4981]: fatal: chmod socket private/smtpd: Invalid argument
2025-07-27T21:34:53.046655+03:00 mail postfix/postfix-script[5059]: starting the Postfix mail system
2025-07-27T21:34:53.049702+03:00 mail postfix/master[5060]: fatal: chmod socket private/smtpd: Invalid argument
2025-07-27T21:34:59.130518+03:00 mail postfix/postfix-script[5138]: starting the Postfix mail system
2025-07-27T21:34:59.133035+03:00 mail postfix/master[5139]: fatal: chmod socket private/smtpd: Invalid argument
2025-07-27T21:35:05.297432+03:00 mail postfix/postfix-script[5217]: starting the Postfix mail system
2025-07-27T21:35:05.301695+03:00 mail postfix/master[5218]: fatal: chmod socket private/smtpd: Invalid argument
2025-07-27T21:35:11.372480+03:00 mail postfix/postfix-script[5296]: starting the Postfix mail system
2025-07-27T21:35:11.375754+03:00 mail postfix/master[5297]: fatal: chmod socket private/smtpd: Invalid argument
2025-07-27T21:35:17.550446+03:00 mail postfix/postfix-script[5375]: starting the Postfix mail system
2025-07-27T21:35:17.555023+03:00 mail postfix/master[5376]: fatal: chmod socket private/smtpd: Invalid argument
2025-07-27T21:35:23.702882+03:00 mail postfix/postfix-script[5454]: starting the Postfix mail system
2025-07-27T21:35:23.709688+03:00 mail postfix/master[5455]: fatal: chmod socket private/smtpd: Invalid argument
2025-07-27T21:35:29.747425+03:00 mail postfix/postfix-script[5533]: starting the Postfix mail system
2025-07-27T21:35:29.750744+03:00 mail postfix/master[5534]: fatal: chmod socket private/smtpd: Invalid argument
2025-07-27T21:35:35.861688+03:00 mail postfix/postfix-script[5612]: starting the Postfix mail system
2025-07-27T21:35:35.864401+03:00 mail postfix/master[5613]: fatal: chmod socket private/smtpd: Invalid argument
2025-07-27T21:35:41.992996+03:00 mail postfix/postfix-script[5691]: starting the Postfix mail system
2025-07-27T21:35:41.995952+03:00 mail postfix/master[5692]: fatal: chmod socket private/smtpd: Invalid argument
2025-07-27T21:35:48.163667+03:00 mail postfix/postfix-script[5770]: starting the Postfix mail system
2025-07-27T21:35:48.171238+03:00 mail postfix/master[5771]: fatal: chmod socket private/smtpd: Invalid argument
2025-07-27T21:35:54.223048+03:00 mail postfix/postfix-script[5849]: starting the Postfix mail system
2025-07-27T21:35:54.227184+03:00 mail postfix/master[5850]: fatal: chmod socket private/smtpd: Invalid argument
2025-07-27T21:36:00.368400+03:00 mail postfix/postfix-script[5928]: starting the Postfix mail system
2025-07-27T21:36:00.371034+03:00 mail postfix/master[5929]: fatal: chmod socket private/smtpd: Invalid argument
2025-07-27T21:36:06.493780+03:00 mail postfix/postfix-script[6007]: starting the Postfix mail system
2025-07-27T21:36:06.498114+03:00 mail postfix/master[6008]: fatal: chmod socket private/smtpd: Invalid argument
2025-07-27T21:36:12.619978+03:00 mail postfix/postfix-script[6086]: starting the Postfix mail system
2025-07-27T21:36:12.625270+03:00 mail postfix/master[6087]: fatal: chmod socket private/smtpd: Invalid argument
2025-07-27T21:36:18.671752+03:00 mail postfix/postfix-script[6165]: starting the Postfix mail system
2025-07-27T21:36:18.674325+03:00 mail postfix/master[6166]: fatal: chmod socket private/smtpd: Invalid argument
2025-07-27T21:36:24.793817+03:00 mail postfix/postfix-script[6244]: starting the Postfix mail system
2025-07-27T21:36:24.797522+03:00 mail postfix/master[6245]: fatal: chmod socket private/smtpd: Invalid argument
2025-07-27T21:36:30.853785+03:00 mail postfix/postfix-script[6323]: starting the Postfix mail system
2025-07-27T21:36:30.856111+03:00 mail postfix/master[6324]: fatal: chmod socket private/smtpd: Invalid argument
2025-07-27T21:36:36.948252+03:00 mail postfix/postfix-script[6402]: starting the Postfix mail system
2025-07-27T21:36:36.950952+03:00 mail postfix/master[6403]: fatal: chmod socket private/smtpd: Invalid argument
2025-07-27T21:36:43.124942+03:00 mail postfix/postfix-script[6484]: starting the Postfix mail system
2025-07-27T21:36:43.127311+03:00 mail postfix/master[6485]: fatal: chmod socket private/smtpd: Invalid argument
2025-07-27T21:36:49.154443+03:00 mail postfix/postfix-script[6563]: starting the Postfix mail system
2025-07-27T21:36:49.156666+03:00 mail postfix/master[6564]: fatal: chmod socket private/smtpd: Invalid argument
2025-07-27T21:36:55.257558+03:00 mail postfix/postfix-script[6642]: starting the Postfix mail system
2025-07-27T21:36:55.260284+03:00 mail postfix/master[6643]: fatal: chmod socket private/smtpd: Invalid argument
2025-07-27T21:37:01.438609+03:00 mail postfix/postfix-script[6721]: starting the Postfix mail system
2025-07-27T21:37:01.448232+03:00 mail postfix/master[6722]: fatal: chmod socket private/smtpd: Invalid argument
2025-07-27T21:37:07.469369+03:00 mail postfix/postfix-script[6800]: starting the Postfix mail system
2025-07-27T21:37:07.472068+03:00 mail postfix/master[6801]: fatal: chmod socket private/smtpd: Invalid argument
2025-07-27T21:37:13.697550+03:00 mail postfix/postfix-script[6879]: starting the Postfix mail system
2025-07-27T21:37:13.700396+03:00 mail postfix/master[6880]: fatal: chmod socket private/smtpd: Invalid argument
2025-07-27T21:37:19.717692+03:00 mail postfix/postfix-script[6958]: starting the Postfix mail system
2025-07-27T21:37:19.720814+03:00 mail postfix/master[6959]: fatal: chmod socket private/smtpd: Invalid argument
2025-07-27T21:37:25.789261+03:00 mail postfix/postfix-script[7037]: starting the Postfix mail system
2025-07-27T21:37:25.791767+03:00 mail postfix/master[7038]: fatal: chmod socket private/smtpd: Invalid argument
2025-07-27T21:37:31.885027+03:00 mail postfix/postfix-script[7116]: starting the Postfix mail system
2025-07-27T21:37:31.887885+03:00 mail postfix/master[7117]: fatal: chmod socket private/smtpd: Invalid argument
2025-07-27T21:37:37.979043+03:00 mail postfix/postfix-script[7195]: starting the Postfix mail system
2025-07-27T21:37:37.981775+03:00 mail postfix/master[7196]: fatal: chmod socket private/smtpd: Invalid argument
2025-07-27T21:37:44.055635+03:00 mail postfix/postfix-script[7274]: starting the Postfix mail system
2025-07-27T21:37:44.058721+03:00 mail postfix/master[7275]: fatal: chmod socket private/smtpd: Invalid argument
2025-07-27T21:37:50.146268+03:00 mail postfix/postfix-script[7353]: starting the Postfix mail system
2025-07-27T21:37:50.148944+03:00 mail postfix/master[7354]: fatal: chmod socket private/smtpd: Invalid argument
2025-07-27T21:37:56.239851+03:00 mail postfix/postfix-script[7432]: starting the Postfix mail system
2025-07-27T21:37:56.244829+03:00 mail postfix/master[7433]: fatal: chmod socket private/smtpd: Invalid argument
2025-07-27T21:38:02.339661+03:00 mail postfix/postfix-script[7511]: starting the Postfix mail system
2025-07-27T21:38:02.342451+03:00 mail postfix/master[7512]: fatal: chmod socket private/smtpd: Invalid argument
2025-07-27T21:38:08.468985+03:00 mail postfix/postfix-script[7590]: starting the Postfix mail system
2025-07-27T21:38:08.472449+03:00 mail postfix/master[7591]: fatal: chmod socket private/smtpd: Invalid argument
2025-07-27T21:38:14.540371+03:00 mail postfix/postfix-script[7669]: starting the Postfix mail system
2025-07-27T21:38:14.543969+03:00 mail postfix/master[7670]: fatal: chmod socket private/smtpd: Invalid argument
2025-07-27T21:38:20.659835+03:00 mail postfix/postfix-script[7748]: starting the Postfix mail system
2025-07-27T21:38:20.662594+03:00 mail postfix/master[7749]: fatal: chmod socket private/smtpd: Invalid argument
2025-07-27T21:38:26.754482+03:00 mail postfix/postfix-script[7827]: starting the Postfix mail system
2025-07-27T21:38:26.757031+03:00 mail postfix/master[7828]: fatal: chmod socket private/smtpd: Invalid argument
2025-07-27T21:38:32.856376+03:00 mail postfix/postfix-script[7906]: starting the Postfix mail system
2025-07-27T21:38:32.859272+03:00 mail postfix/master[7907]: fatal: chmod socket private/smtpd: Invalid argument
2025-07-27T21:38:38.926426+03:00 mail postfix/postfix-script[7985]: starting the Postfix mail system
2025-07-27T21:38:38.929461+03:00 mail postfix/master[7986]: fatal: chmod socket private/smtpd: Invalid argument
2025-07-27T21:38:45.039685+03:00 mail postfix/postfix-script[8064]: starting the Postfix mail system
2025-07-27T21:38:45.042677+03:00 mail postfix/master[8065]: fatal: chmod socket private/smtpd: Invalid argument
2025-07-27T21:38:51.084970+03:00 mail postfix/postfix-script[8143]: starting the Postfix mail system
2025-07-27T21:38:51.087620+03:00 mail postfix/master[8144]: fatal: chmod socket private/smtpd: Invalid argument
2025-07-27T21:38:57.189336+03:00 mail postfix/postfix-script[8222]: starting the Postfix mail system
2025-07-27T21:38:57.193457+03:00 mail postfix/master[8223]: fatal: chmod socket private/smtpd: Invalid argument
2025-07-27T21:39:03.294574+03:00 mail postfix/postfix-script[8301]: starting the Postfix mail system
2025-07-27T21:39:03.300346+03:00 mail postfix/master[8302]: fatal: chmod socket private/smtpd: Invalid argument
2025-07-27T21:39:09.422147+03:00 mail postfix/postfix-script[8380]: starting the Postfix mail system
2025-07-27T21:39:09.434031+03:00 mail postfix/master[8381]: fatal: chmod socket private/smtpd: Invalid argument
2025-07-27T21:39:15.494466+03:00 mail postfix/postfix-script[8459]: starting the Postfix mail system
2025-07-27T21:39:15.496915+03:00 mail postfix/master[8460]: fatal: chmod socket private/smtpd: Invalid argument
2025-07-27T21:39:21.585065+03:00 mail postfix/postfix-script[8538]: starting the Postfix mail system
2025-07-27T21:39:21.587627+03:00 mail postfix/master[8539]: fatal: chmod socket private/smtpd: Invalid argument
2025-07-27T21:39:27.726828+03:00 mail postfix/postfix-script[8617]: starting the Postfix mail system
2025-07-27T21:39:27.729564+03:00 mail postfix/master[8618]: fatal: chmod socket private/smtpd: Invalid argument
2025-07-27T21:39:33.845300+03:00 mail postfix/postfix-script[8696]: starting the Postfix mail system
2025-07-27T21:39:33.848034+03:00 mail postfix/master[8697]: fatal: chmod socket private/smtpd: Invalid argument
2025-07-27T21:39:38.910744+03:00 mail postfix/postfix-script[8775]: starting the Postfix mail system
2025-07-27T21:39:38.913389+03:00 mail postfix/master[8776]: fatal: chmod socket private/smtpd: Invalid argument
2025-07-27T21:39:44.986959+03:00 mail postfix/postfix-script[8854]: starting the Postfix mail system
2025-07-27T21:39:44.989748+03:00 mail postfix/master[8855]: fatal: chmod socket private/smtpd: Invalid argument
2025-07-27T21:39:50.075915+03:00 mail postfix/postfix-script[8930]: starting the Postfix mail system
2025-07-27T21:39:50.078497+03:00 mail postfix/master[8931]: fatal: chmod socket private/smtpd: Invalid argument
2025-07-27T21:39:56.161311+03:00 mail postfix/postfix-script[9009]: starting the Postfix mail system
2025-07-27T21:39:56.163822+03:00 mail postfix/master[9010]: fatal: chmod socket private/smtpd: Invalid argument
2025-07-27T21:40:02.258118+03:00 mail postfix/postfix-script[9088]: starting the Postfix mail system
2025-07-27T21:40:02.260687+03:00 mail postfix/master[9089]: fatal: chmod socket private/smtpd: Invalid argument
2025-07-27T21:40:08.351417+03:00 mail postfix/postfix-script[9167]: starting the Postfix mail system
2025-07-27T21:40:08.354074+03:00 mail postfix/master[9168]: fatal: chmod socket private/smtpd: Invalid argument
2025-07-27T21:40:14.441589+03:00 mail postfix/postfix-script[9246]: starting the Postfix mail system
2025-07-27T21:40:14.444482+03:00 mail postfix/master[9247]: fatal: chmod socket private/smtpd: Invalid argument
2025-07-27T21:40:20.520173+03:00 mail postfix/postfix-script[9325]: starting the Postfix mail system
2025-07-27T21:40:20.522643+03:00 mail postfix/master[9326]: fatal: chmod socket private/smtpd: Invalid argument
2025-07-27T21:40:26.610362+03:00 mail postfix/postfix-script[9404]: starting the Postfix mail system
2025-07-27T21:40:26.621325+03:00 mail postfix/master[9405]: fatal: chmod socket private/smtpd: Invalid argument
2025-07-27T21:40:32.690961+03:00 mail postfix/postfix-script[9483]: starting the Postfix mail system
2025-07-27T21:40:32.693458+03:00 mail postfix/master[9484]: fatal: chmod socket private/smtpd: Invalid argument
2025-07-27T21:40:38.769658+03:00 mail postfix/postfix-script[9562]: starting the Postfix mail system
2025-07-27T21:40:38.771999+03:00 mail postfix/master[9563]: fatal: chmod socket private/smtpd: Invalid argument
2025-07-27T21:40:44.874586+03:00 mail postfix/postfix-script[9641]: starting the Postfix mail system
2025-07-27T21:40:44.878179+03:00 mail postfix/master[9642]: fatal: chmod socket private/smtpd: Invalid argument
2025-07-27T21:40:50.964377+03:00 mail postfix/postfix-script[9720]: starting the Postfix mail system
2025-07-27T21:40:50.969661+03:00 mail postfix/master[9721]: fatal: chmod socket private/smtpd: Invalid argument
2025-07-27T21:40:57.074468+03:00 mail postfix/postfix-script[9799]: starting the Postfix mail system
2025-07-27T21:40:57.077328+03:00 mail postfix/master[9800]: fatal: chmod socket private/smtpd: Invalid argument
2025-07-27T21:41:03.208120+03:00 mail postfix/postfix-script[9878]: starting the Postfix mail system
2025-07-27T21:41:03.211403+03:00 mail postfix/master[9879]: fatal: chmod socket private/smtpd: Invalid argument
2025-07-27T21:41:09.276593+03:00 mail postfix/postfix-script[9957]: starting the Postfix mail system
2025-07-27T21:41:09.279053+03:00 mail postfix/master[9958]: fatal: chmod socket private/smtpd: Invalid argument
2025-07-27T21:41:15.389168+03:00 mail postfix/postfix-script[10036]: starting the Postfix mail system
2025-07-27T21:41:15.391681+03:00 mail postfix/master[10037]: fatal: chmod socket private/smtpd: Invalid argument
2025-07-27T21:41:21.453540+03:00 mail postfix/postfix-script[10115]: starting the Postfix mail system
2025-07-27T21:41:21.456207+03:00 mail postfix/master[10116]: fatal: chmod socket private/smtpd: Invalid argument
2025-07-27T21:41:27.629800+03:00 mail postfix/postfix-script[10194]: starting the Postfix mail system
2025-07-27T21:41:27.632304+03:00 mail postfix/master[10195]: fatal: chmod socket private/smtpd: Invalid argument
2025-07-27T21:41:33.711888+03:00 mail postfix/postfix-script[10273]: starting the Postfix mail system
2025-07-27T21:41:33.714232+03:00 mail postfix/master[10274]: fatal: chmod socket private/smtpd: Invalid argument
2025-07-27T21:41:39.783927+03:00 mail postfix/postfix-script[10352]: starting the Postfix mail system
2025-07-27T21:41:39.786536+03:00 mail postfix/master[10353]: fatal: chmod socket private/smtpd: Invalid argument
2025-07-27T21:41:45.956575+03:00 mail postfix/postfix-script[10434]: starting the Postfix mail system
2025-07-27T21:41:45.959133+03:00 mail postfix/master[10435]: fatal: chmod socket private/smtpd: Invalid argument
2025-07-27T21:41:52.003445+03:00 mail postfix/postfix-script[10513]: starting the Postfix mail system
2025-07-27T21:41:52.006434+03:00 mail postfix/master[10514]: fatal: chmod socket private/smtpd: Invalid argument
2025-07-27T21:41:58.104259+03:00 mail postfix/postfix-script[10592]: starting the Postfix mail system
2025-07-27T21:41:58.106833+03:00 mail postfix/master[10593]: fatal: chmod socket private/smtpd: Invalid argument
2025-07-27T21:42:04.203839+03:00 mail postfix/postfix-script[10671]: starting the Postfix mail system
2025-07-27T21:42:04.207655+03:00 mail postfix/master[10672]: fatal: chmod socket private/smtpd: Invalid argument
2025-07-27T21:42:10.294547+03:00 mail postfix/postfix-script[10750]: starting the Postfix mail system
2025-07-27T21:42:10.297101+03:00 mail postfix/master[10751]: fatal: chmod socket private/smtpd: Invalid argument
2025-07-27T21:42:16.361845+03:00 mail postfix/postfix-script[10829]: starting the Postfix mail system
2025-07-27T21:42:16.364455+03:00 mail postfix/master[10830]: fatal: chmod socket private/smtpd: Invalid argument
2025-07-27T21:42:22.441432+03:00 mail postfix/postfix-script[10908]: starting the Postfix mail system
2025-07-27T21:42:22.444445+03:00 mail postfix/master[10909]: fatal: chmod socket private/smtpd: Invalid argument
2025-07-27T21:42:28.597010+03:00 mail postfix/postfix-script[10987]: starting the Postfix mail system
2025-07-27T21:42:28.599601+03:00 mail postfix/master[10988]: fatal: chmod socket private/smtpd: Invalid argument
2025-07-27T21:42:34.657503+03:00 mail postfix/postfix-script[11066]: starting the Postfix mail system
2025-07-27T21:42:34.659778+03:00 mail postfix/master[11067]: fatal: chmod socket private/smtpd: Invalid argument
2025-07-27T21:42:39.756925+03:00 mail postfix/postfix-script[11142]: starting the Postfix mail system
2025-07-27T21:42:39.759783+03:00 mail postfix/master[11143]: fatal: chmod socket private/smtpd: Invalid argument
2025-07-27T21:42:45.823264+03:00 mail postfix/postfix-script[11221]: starting the Postfix mail system
2025-07-27T21:42:45.825913+03:00 mail postfix/master[11222]: fatal: chmod socket private/smtpd: Invalid argument
2025-07-27T21:42:51.906091+03:00 mail postfix/postfix-script[11300]: starting the Postfix mail system
2025-07-27T21:42:51.908459+03:00 mail postfix/master[11301]: fatal: chmod socket private/smtpd: Invalid argument
2025-07-27T21:42:57.983073+03:00 mail postfix/postfix-script[11379]: starting the Postfix mail system
2025-07-27T21:42:57.985490+03:00 mail postfix/master[11380]: fatal: chmod socket private/smtpd: Invalid argument
2025-07-27T21:43:04.102275+03:00 mail postfix/postfix-script[11458]: starting the Postfix mail system
2025-07-27T21:43:04.104740+03:00 mail postfix/master[11459]: fatal: chmod socket private/smtpd: Invalid argument
2025-07-27T21:43:10.179202+03:00 mail postfix/postfix-script[11537]: starting the Postfix mail system
2025-07-27T21:43:10.181772+03:00 mail postfix/master[11538]: fatal: chmod socket private/smtpd: Invalid argument
2025-07-27T21:43:16.290364+03:00 mail postfix/postfix-script[11616]: starting the Postfix mail system
2025-07-27T21:43:16.292900+03:00 mail postfix/master[11617]: fatal: chmod socket private/smtpd: Invalid argument
2025-07-27T21:43:22.365846+03:00 mail postfix/postfix-script[11695]: starting the Postfix mail system
2025-07-27T21:43:22.368171+03:00 mail postfix/master[11696]: fatal: chmod socket private/smtpd: Invalid argument
2025-07-27T21:43:28.542119+03:00 mail postfix/postfix-script[11774]: starting the Postfix mail system
2025-07-27T21:43:28.548738+03:00 mail postfix/master[11775]: fatal: chmod socket private/smtpd: Invalid argument
2025-07-27T21:43:34.723122+03:00 mail postfix/postfix-script[11853]: starting the Postfix mail system
2025-07-27T21:43:34.726349+03:00 mail postfix/master[11854]: fatal: chmod socket private/smtpd: Invalid argument
2025-07-27T21:43:40.785011+03:00 mail postfix/postfix-script[11932]: starting the Postfix mail system
2025-07-27T21:43:40.787627+03:00 mail postfix/master[11933]: fatal: chmod socket private/smtpd: Invalid argument
2025-07-27T21:43:46.957781+03:00 mail postfix/postfix-script[12014]: starting the Postfix mail system
2025-07-27T21:43:46.960417+03:00 mail postfix/master[12015]: fatal: chmod socket private/smtpd: Invalid argument
2025-07-27T21:43:51.990219+03:00 mail postfix/postfix-script[12090]: starting the Postfix mail system
2025-07-27T21:43:51.992804+03:00 mail postfix/master[12091]: fatal: chmod socket private/smtpd: Invalid argument
2025-07-27T21:43:58.116283+03:00 mail postfix/postfix-script[12169]: starting the Postfix mail system
2025-07-27T21:43:58.120215+03:00 mail postfix/master[12170]: fatal: chmod socket private/smtpd: Invalid argument
2025-07-27T21:44:04.221748+03:00 mail postfix/postfix-script[12248]: starting the Postfix mail system
2025-07-27T21:44:04.225969+03:00 mail postfix/master[12249]: fatal: chmod socket private/smtpd: Invalid argument
2025-07-27T21:44:10.333637+03:00 mail postfix/postfix-script[12327]: starting the Postfix mail system
2025-07-27T21:44:10.335953+03:00 mail postfix/master[12328]: fatal: chmod socket private/smtpd: Invalid argument
2025-07-27T21:44:16.509447+03:00 mail postfix/postfix-script[12406]: starting the Postfix mail system
2025-07-27T21:44:16.512809+03:00 mail postfix/master[12407]: fatal: chmod socket private/smtpd: Invalid argument
2025-07-27T21:44:22.568627+03:00 mail postfix/postfix-script[12485]: starting the Postfix mail system
2025-07-27T21:44:22.571093+03:00 mail postfix/master[12486]: fatal: chmod socket private/smtpd: Invalid argument
2025-07-27T21:44:28.655753+03:00 mail postfix/postfix-script[12564]: starting the Postfix mail system
2025-07-27T21:44:28.658136+03:00 mail postfix/master[12565]: fatal: chmod socket private/smtpd: Invalid argument
2025-07-27T21:44:34.727306+03:00 mail postfix/postfix-script[12643]: starting the Postfix mail system
2025-07-27T21:44:34.732305+03:00 mail postfix/master[12644]: fatal: chmod socket private/smtpd: Invalid argument
2025-07-27T21:44:40.821588+03:00 mail postfix/postfix-script[12722]: starting the Postfix mail system
2025-07-27T21:44:40.824517+03:00 mail postfix/master[12723]: fatal: chmod socket private/smtpd: Invalid argument
2025-07-27T21:44:46.933861+03:00 mail postfix/postfix-script[12801]: starting the Postfix mail system
2025-07-27T21:44:46.937137+03:00 mail postfix/master[12802]: fatal: chmod socket private/smtpd: Invalid argument
2025-07-27T21:44:53.002495+03:00 mail postfix/postfix-script[12880]: starting the Postfix mail system
2025-07-27T21:44:53.007601+03:00 mail postfix/master[12881]: fatal: chmod socket private/smtpd: Invalid argument
2025-07-27T21:44:59.153991+03:00 mail postfix/postfix-script[12959]: starting the Postfix mail system
2025-07-27T21:44:59.162287+03:00 mail postfix/master[12960]: fatal: chmod socket private/smtpd: Invalid argument
2025-07-27T21:45:05.302734+03:00 mail postfix/postfix-script[13038]: starting the Postfix mail system
2025-07-27T21:45:05.307595+03:00 mail postfix/master[13039]: fatal: chmod socket private/smtpd: Invalid argument
2025-07-27T21:45:11.423945+03:00 mail postfix/postfix-script[13117]: starting the Postfix mail system
2025-07-27T21:45:11.426804+03:00 mail postfix/master[13118]: fatal: chmod socket private/smtpd: Invalid argument
2025-07-27T21:45:17.567442+03:00 mail postfix/postfix-script[13196]: starting the Postfix mail system
2025-07-27T21:45:17.570193+03:00 mail postfix/master[13197]: fatal: chmod socket private/smtpd: Invalid argument
2025-07-27T21:45:23.653874+03:00 mail postfix/postfix-script[13275]: starting the Postfix mail system
2025-07-27T21:45:23.657855+03:00 mail postfix/master[13276]: fatal: chmod socket private/smtpd: Invalid argument
2025-07-27T21:45:29.822086+03:00 mail postfix/postfix-script[13354]: starting the Postfix mail system
2025-07-27T21:45:29.825558+03:00 mail postfix/master[13355]: fatal: chmod socket private/smtpd: Invalid argument
2025-07-27T21:45:36.075225+03:00 mail postfix/postfix-script[13433]: starting the Postfix mail system
2025-07-27T21:45:36.079760+03:00 mail postfix/master[13434]: fatal: chmod socket private/smtpd: Invalid argument
2025-07-27T21:45:42.116723+03:00 mail postfix/postfix-script[13512]: starting the Postfix mail system
2025-07-27T21:45:42.119795+03:00 mail postfix/master[13513]: fatal: chmod socket private/smtpd: Invalid argument
2025-07-27T21:45:48.176998+03:00 mail postfix/postfix-script[13591]: starting the Postfix mail system
2025-07-27T21:45:48.179635+03:00 mail postfix/master[13592]: fatal: chmod socket private/smtpd: Invalid argument
2025-07-27T21:45:53.219891+03:00 mail postfix/postfix-script[13670]: starting the Postfix mail system
2025-07-27T21:45:53.222348+03:00 mail postfix/master[13671]: fatal: chmod socket private/smtpd: Invalid argument
2025-07-27T21:45:59.318497+03:00 mail postfix/postfix-script[13749]: starting the Postfix mail system
2025-07-27T21:45:59.320964+03:00 mail postfix/master[13750]: fatal: chmod socket private/smtpd: Invalid argument
2025-07-27T21:46:05.431708+03:00 mail postfix/postfix-script[13828]: starting the Postfix mail system
2025-07-27T21:46:05.434266+03:00 mail postfix/master[13829]: fatal: chmod socket private/smtpd: Invalid argument
2025-07-27T21:46:11.549683+03:00 mail postfix/postfix-script[13907]: starting the Postfix mail system
2025-07-27T21:46:11.552768+03:00 mail postfix/master[13908]: fatal: chmod socket private/smtpd: Invalid argument
2025-07-27T21:46:17.642553+03:00 mail postfix/postfix-script[13986]: starting the Postfix mail system
2025-07-27T21:46:17.650577+03:00 mail postfix/master[13987]: fatal: chmod socket private/smtpd: Invalid argument
2025-07-27T21:46:23.726008+03:00 mail postfix/postfix-script[14065]: starting the Postfix mail system
2025-07-27T21:46:23.729206+03:00 mail postfix/master[14066]: fatal: chmod socket private/smtpd: Invalid argument
2025-07-27T21:46:29.934975+03:00 mail postfix/postfix-script[14144]: starting the Postfix mail system
2025-07-27T21:46:29.937297+03:00 mail postfix/master[14145]: fatal: chmod socket private/smtpd: Invalid argument
2025-07-27T21:46:35.988893+03:00 mail postfix/postfix-script[14223]: starting the Postfix mail system
2025-07-27T21:46:35.991377+03:00 mail postfix/master[14224]: fatal: chmod socket private/smtpd: Invalid argument
2025-07-27T21:46:42.112139+03:00 mail postfix/postfix-script[14302]: starting the Postfix mail system
2025-07-27T21:46:42.115473+03:00 mail postfix/master[14303]: fatal: chmod socket private/smtpd: Invalid argument
2025-07-27T21:46:48.294948+03:00 mail postfix/postfix-script[14381]: starting the Postfix mail system
2025-07-27T21:46:48.301699+03:00 mail postfix/master[14382]: fatal: chmod socket private/smtpd: Invalid argument
2025-07-27T21:46:54.343371+03:00 mail postfix/postfix-script[14460]: starting the Postfix mail system
2025-07-27T21:46:54.346166+03:00 mail postfix/master[14461]: fatal: chmod socket private/smtpd: Invalid argument
2025-07-27T21:47:00.388523+03:00 mail postfix/postfix-script[14539]: starting the Postfix mail system
2025-07-27T21:47:00.391656+03:00 mail postfix/master[14540]: fatal: chmod socket private/smtpd: Invalid argument
2025-07-27T21:47:06.501914+03:00 mail postfix/postfix-script[14618]: starting the Postfix mail system
2025-07-27T21:47:06.509160+03:00 mail postfix/master[14619]: fatal: chmod socket private/smtpd: Invalid argument
2025-07-27T21:47:12.600545+03:00 mail postfix/postfix-script[14697]: starting the Postfix mail system
2025-07-27T21:47:12.603513+03:00 mail postfix/master[14698]: fatal: chmod socket private/smtpd: Invalid argument
2025-07-27T21:47:18.697387+03:00 mail postfix/postfix-script[14776]: starting the Postfix mail system
2025-07-27T21:47:18.699823+03:00 mail postfix/master[14777]: fatal: chmod socket private/smtpd: Invalid argument
2025-07-27T21:47:24.808861+03:00 mail postfix/postfix-script[14855]: starting the Postfix mail system
2025-07-27T21:47:24.811418+03:00 mail postfix/master[14856]: fatal: chmod socket private/smtpd: Invalid argument
2025-07-27T21:47:30.886547+03:00 mail postfix/postfix-script[14934]: starting the Postfix mail system
2025-07-27T21:47:30.892255+03:00 mail postfix/master[14935]: fatal: chmod socket private/smtpd: Invalid argument
2025-07-27T21:47:35.969560+03:00 mail postfix/postfix-script[15013]: starting the Postfix mail system
2025-07-27T21:47:35.972332+03:00 mail postfix/master[15014]: fatal: chmod socket private/smtpd: Invalid argument
2025-07-27T21:47:42.102742+03:00 mail postfix/postfix-script[15092]: starting the Postfix mail system
2025-07-27T21:47:42.105335+03:00 mail postfix/master[15093]: fatal: chmod socket private/smtpd: Invalid argument
2025-07-27T21:47:48.247121+03:00 mail postfix/postfix-script[15171]: starting the Postfix mail system
2025-07-27T21:47:48.252545+03:00 mail postfix/master[15172]: fatal: chmod socket private/smtpd: Invalid argument
2025-07-27T21:47:54.358786+03:00 mail postfix/postfix-script[15250]: starting the Postfix mail system
2025-07-27T21:47:54.362253+03:00 mail postfix/master[15251]: fatal: chmod socket private/smtpd: Invalid argument
2025-07-27T21:48:00.476084+03:00 mail postfix/postfix-script[15329]: starting the Postfix mail system
2025-07-27T21:48:00.478825+03:00 mail postfix/master[15330]: fatal: chmod socket private/smtpd: Invalid argument
2025-07-27T21:48:06.707388+03:00 mail postfix/postfix-script[15408]: starting the Postfix mail system
2025-07-27T21:48:06.711475+03:00 mail postfix/master[15409]: fatal: chmod socket private/smtpd: Invalid argument
2025-07-27T21:48:12.784268+03:00 mail postfix/postfix-script[15487]: starting the Postfix mail system
2025-07-27T21:48:12.786851+03:00 mail postfix/master[15488]: fatal: chmod socket private/smtpd: Invalid argument
2025-07-27T21:48:18.872361+03:00 mail postfix/postfix-script[15566]: starting the Postfix mail system
2025-07-27T21:48:18.875015+03:00 mail postfix/master[15567]: fatal: chmod socket private/smtpd: Invalid argument
2025-07-27T21:48:25.044729+03:00 mail postfix/postfix-script[15645]: starting the Postfix mail system
2025-07-27T21:48:25.047583+03:00 mail postfix/master[15646]: fatal: chmod socket private/smtpd: Invalid argument
2025-07-27T21:48:31.105170+03:00 mail postfix/postfix-script[15724]: starting the Postfix mail system
2025-07-27T21:48:31.107607+03:00 mail postfix/master[15725]: fatal: chmod socket private/smtpd: Invalid argument
2025-07-27T21:48:37.261745+03:00 mail postfix/postfix-script[15803]: starting the Postfix mail system
2025-07-27T21:48:37.264843+03:00 mail postfix/master[15804]: fatal: chmod socket private/smtpd: Invalid argument
2025-07-27T21:48:43.450339+03:00 mail postfix/postfix-script[15882]: starting the Postfix mail system
2025-07-27T21:48:43.453975+03:00 mail postfix/master[15883]: fatal: chmod socket private/smtpd: Invalid argument
2025-07-27T21:48:49.499294+03:00 mail postfix/postfix-script[15961]: starting the Postfix mail system
2025-07-27T21:48:49.501682+03:00 mail postfix/master[15962]: fatal: chmod socket private/smtpd: Invalid argument
2025-07-27T21:48:55.608928+03:00 mail postfix/postfix-script[16040]: starting the Postfix mail system
2025-07-27T21:48:55.611730+03:00 mail postfix/master[16041]: fatal: chmod socket private/smtpd: Invalid argument
2025-07-27T21:49:01.721890+03:00 mail postfix/postfix-script[16119]: starting the Postfix mail system
2025-07-27T21:49:01.724703+03:00 mail postfix/master[16120]: fatal: chmod socket private/smtpd: Invalid argument
2025-07-27T21:49:07.813412+03:00 mail postfix/postfix-script[16198]: starting the Postfix mail system
2025-07-27T21:49:07.816958+03:00 mail postfix/master[16199]: fatal: chmod socket private/smtpd: Invalid argument
2025-07-27T21:49:13.903819+03:00 mail postfix/postfix-script[16277]: starting the Postfix mail system
2025-07-27T21:49:13.906664+03:00 mail postfix/master[16278]: fatal: chmod socket private/smtpd: Invalid argument
2025-07-27T21:49:20.044650+03:00 mail postfix/postfix-script[16356]: starting the Postfix mail system
2025-07-27T21:49:20.047421+03:00 mail postfix/master[16357]: fatal: chmod socket private/smtpd: Invalid argument
2025-07-27T21:49:26.158199+03:00 mail postfix/postfix-script[16435]: starting the Postfix mail system
2025-07-27T21:49:26.161070+03:00 mail postfix/master[16436]: fatal: chmod socket private/smtpd: Invalid argument
2025-07-27T21:49:32.229472+03:00 mail postfix/postfix-script[16514]: starting the Postfix mail system
2025-07-27T21:49:32.232552+03:00 mail postfix/master[16515]: fatal: chmod socket private/smtpd: Invalid argument
2025-07-27T21:49:38.372117+03:00 mail postfix/postfix-script[16593]: starting the Postfix mail system
2025-07-27T21:49:38.375815+03:00 mail postfix/master[16594]: fatal: chmod socket private/smtpd: Invalid argument
2025-07-27T21:49:44.481474+03:00 mail postfix/postfix-script[16672]: starting the Postfix mail system
2025-07-27T21:49:44.485146+03:00 mail postfix/master[16673]: fatal: chmod socket private/smtpd: Invalid argument
2025-07-27T21:49:50.603090+03:00 mail postfix/postfix-script[16751]: starting the Postfix mail system
2025-07-27T21:49:50.606767+03:00 mail postfix/master[16752]: fatal: chmod socket private/smtpd: Invalid argument
2025-07-27T21:49:56.674441+03:00 mail postfix/postfix-script[16830]: starting the Postfix mail system
2025-07-27T21:49:56.677546+03:00 mail postfix/master[16831]: fatal: chmod socket private/smtpd: Invalid argument
2025-07-27T21:50:02.790952+03:00 mail postfix/postfix-script[16909]: starting the Postfix mail system
2025-07-27T21:50:02.793634+03:00 mail postfix/master[16910]: fatal: chmod socket private/smtpd: Invalid argument
2025-07-27T21:50:08.874296+03:00 mail postfix/postfix-script[16991]: starting the Postfix mail system
2025-07-27T21:50:08.877126+03:00 mail postfix/master[16992]: fatal: chmod socket private/smtpd: Invalid argument
2025-07-27T21:50:14.037891+03:00 mail postfix/postfix-script[17067]: starting the Postfix mail system
2025-07-27T21:50:14.041033+03:00 mail postfix/master[17068]: fatal: chmod socket private/smtpd: Invalid argument
2025-07-27T21:50:20.184232+03:00 mail postfix/postfix-script[17146]: starting the Postfix mail system
2025-07-27T21:50:20.191432+03:00 mail postfix/master[17147]: fatal: chmod socket private/smtpd: Invalid argument
2025-07-27T21:50:26.226891+03:00 mail postfix/postfix-script[17225]: starting the Postfix mail system
2025-07-27T21:50:26.229245+03:00 mail postfix/master[17226]: fatal: chmod socket private/smtpd: Invalid argument
2025-07-27T21:50:32.298282+03:00 mail postfix/postfix-script[17304]: starting the Postfix mail system
2025-07-27T21:50:32.300897+03:00 mail postfix/master[17305]: fatal: chmod socket private/smtpd: Invalid argument
2025-07-27T21:50:38.448330+03:00 mail postfix/postfix-script[17383]: starting the Postfix mail system
2025-07-27T21:50:38.457644+03:00 mail postfix/master[17384]: fatal: chmod socket private/smtpd: Invalid argument
2025-07-27T21:50:44.543309+03:00 mail postfix/postfix-script[17462]: starting the Postfix mail system
2025-07-27T21:50:44.546021+03:00 mail postfix/master[17463]: fatal: chmod socket private/smtpd: Invalid argument
2025-07-27T21:50:50.672368+03:00 mail postfix/postfix-script[17541]: starting the Postfix mail system
2025-07-27T21:50:50.676871+03:00 mail postfix/master[17542]: fatal: chmod socket private/smtpd: Invalid argument
2025-07-27T21:50:56.837587+03:00 mail postfix/postfix-script[17620]: starting the Postfix mail system
2025-07-27T21:50:56.840416+03:00 mail postfix/master[17621]: fatal: chmod socket private/smtpd: Invalid argument
2025-07-27T21:51:02.951175+03:00 mail postfix/postfix-script[17699]: starting the Postfix mail system
2025-07-27T21:51:02.956028+03:00 mail postfix/master[17700]: fatal: chmod socket private/smtpd: Invalid argument
2025-07-27T21:51:09.189781+03:00 mail postfix/postfix-script[17778]: starting the Postfix mail system
2025-07-27T21:51:09.192662+03:00 mail postfix/master[17779]: fatal: chmod socket private/smtpd: Invalid argument
2025-07-27T21:51:15.243786+03:00 mail postfix/postfix-script[17857]: starting the Postfix mail system
2025-07-27T21:51:15.246387+03:00 mail postfix/master[17858]: fatal: chmod socket private/smtpd: Invalid argument
2025-07-27T21:51:21.354961+03:00 mail postfix/postfix-script[17936]: starting the Postfix mail system
2025-07-27T21:51:21.359672+03:00 mail postfix/master[17937]: fatal: chmod socket private/smtpd: Invalid argument
2025-07-27T21:51:27.449070+03:00 mail postfix/postfix-script[18015]: starting the Postfix mail system
2025-07-27T21:51:27.451809+03:00 mail postfix/master[18016]: fatal: chmod socket private/smtpd: Invalid argument
2025-07-27T21:51:33.516914+03:00 mail postfix/postfix-script[18094]: starting the Postfix mail system
2025-07-27T21:51:33.519381+03:00 mail postfix/master[18095]: fatal: chmod socket private/smtpd: Invalid argument
2025-07-27T21:51:39.611917+03:00 mail postfix/postfix-script[18173]: starting the Postfix mail system
2025-07-27T21:51:39.614448+03:00 mail postfix/master[18174]: fatal: chmod socket private/smtpd: Invalid argument
2025-07-27T21:51:45.699593+03:00 mail postfix/postfix-script[18252]: starting the Postfix mail system
2025-07-27T21:51:45.702351+03:00 mail postfix/master[18253]: fatal: chmod socket private/smtpd: Invalid argument
2025-07-27T21:51:51.788956+03:00 mail postfix/postfix-script[18331]: starting the Postfix mail system
2025-07-27T21:51:51.792011+03:00 mail postfix/master[18332]: fatal: chmod socket private/smtpd: Invalid argument
2025-07-27T21:51:57.876752+03:00 mail postfix/postfix-script[18410]: starting the Postfix mail system
2025-07-27T21:51:57.879269+03:00 mail postfix/master[18411]: fatal: chmod socket private/smtpd: Invalid argument
2025-07-27T21:52:04.042330+03:00 mail postfix/postfix-script[18489]: starting the Postfix mail system
2025-07-27T21:52:04.046371+03:00 mail postfix/master[18490]: fatal: chmod socket private/smtpd: Invalid argument
2025-07-27T21:52:10.206557+03:00 mail postfix/postfix-script[18568]: starting the Postfix mail system
2025-07-27T21:52:10.209272+03:00 mail postfix/master[18569]: fatal: chmod socket private/smtpd: Invalid argument
2025-07-27T21:52:16.381425+03:00 mail postfix/postfix-script[18650]: starting the Postfix mail system
2025-07-27T21:52:16.386059+03:00 mail postfix/master[18651]: fatal: chmod socket private/smtpd: Invalid argument
2025-07-27T21:52:22.376107+03:00 mail postfix/postfix-script[18726]: starting the Postfix mail system
2025-07-27T21:52:22.380360+03:00 mail postfix/master[18728]: fatal: chmod socket private/smtpd: Invalid argument
2025-07-27T21:52:28.477409+03:00 mail postfix/postfix-script[18808]: starting the Postfix mail system
2025-07-27T21:52:28.479763+03:00 mail postfix/master[18809]: fatal: chmod socket private/smtpd: Invalid argument
2025-07-27T21:52:33.550449+03:00 mail postfix/postfix-script[18884]: starting the Postfix mail system
2025-07-27T21:52:33.553061+03:00 mail postfix/master[18885]: fatal: chmod socket private/smtpd: Invalid argument
2025-07-27T21:52:38.602851+03:00 mail postfix/postfix-script[18963]: starting the Postfix mail system
2025-07-27T21:52:38.605563+03:00 mail postfix/master[18964]: fatal: chmod socket private/smtpd: Invalid argument
2025-07-27T21:52:44.718946+03:00 mail postfix/postfix-script[19042]: starting the Postfix mail system
2025-07-27T21:52:44.722419+03:00 mail postfix/master[19043]: fatal: chmod socket private/smtpd: Invalid argument
2025-07-27T21:52:50.766250+03:00 mail postfix/postfix-script[19121]: starting the Postfix mail system
2025-07-27T21:52:50.768740+03:00 mail postfix/master[19122]: fatal: chmod socket private/smtpd: Invalid argument
2025-07-27T21:52:56.880132+03:00 mail postfix/postfix-script[19200]: starting the Postfix mail system
2025-07-27T21:52:56.885818+03:00 mail postfix/master[19201]: fatal: chmod socket private/smtpd: Invalid argument
2025-07-27T21:53:02.969195+03:00 mail postfix/postfix-script[19279]: starting the Postfix mail system
2025-07-27T21:53:02.971902+03:00 mail postfix/master[19280]: fatal: chmod socket private/smtpd: Invalid argument
2025-07-27T21:53:09.069826+03:00 mail postfix/postfix-script[19358]: starting the Postfix mail system
2025-07-27T21:53:09.072416+03:00 mail postfix/master[19359]: fatal: chmod socket private/smtpd: Invalid argument
2025-07-27T21:53:15.154500+03:00 mail postfix/postfix-script[19437]: starting the Postfix mail system
2025-07-27T21:53:15.157007+03:00 mail postfix/master[19438]: fatal: chmod socket private/smtpd: Invalid argument
2025-07-27T21:53:21.270948+03:00 mail postfix/postfix-script[19516]: starting the Postfix mail system
2025-07-27T21:53:21.274239+03:00 mail postfix/master[19517]: fatal: chmod socket private/smtpd: Invalid argument
2025-07-27T21:53:27.515124+03:00 mail postfix/postfix-script[19595]: starting the Postfix mail system
2025-07-27T21:53:27.522893+03:00 mail postfix/master[19596]: fatal: chmod socket private/smtpd: Invalid argument
2025-07-27T21:53:33.523253+03:00 mail postfix/postfix-script[19674]: starting the Postfix mail system
2025-07-27T21:53:33.525805+03:00 mail postfix/master[19675]: fatal: chmod socket private/smtpd: Invalid argument
2025-07-27T21:53:39.612480+03:00 mail postfix/postfix-script[19753]: starting the Postfix mail system
2025-07-27T21:53:39.616030+03:00 mail postfix/master[19754]: fatal: chmod socket private/smtpd: Invalid argument
2025-07-27T21:53:45.895189+03:00 mail postfix/postfix-script[19832]: starting the Postfix mail system
2025-07-27T21:53:45.900206+03:00 mail postfix/master[19833]: fatal: chmod socket private/smtpd: Invalid argument
2025-07-27T21:53:52.006658+03:00 mail postfix/postfix-script[19911]: starting the Postfix mail system
2025-07-27T21:53:52.010435+03:00 mail postfix/master[19912]: fatal: chmod socket private/smtpd: Invalid argument
2025-07-27T21:53:58.119809+03:00 mail postfix/postfix-script[19990]: starting the Postfix mail system
2025-07-27T21:53:58.127572+03:00 mail postfix/master[19991]: fatal: chmod socket private/smtpd: Invalid argument
2025-07-27T21:54:03.246593+03:00 mail postfix/postfix-script[20066]: starting the Postfix mail system
2025-07-27T21:54:03.252474+03:00 mail postfix/master[20067]: fatal: chmod socket private/smtpd: Invalid argument
2025-07-27T21:54:09.340671+03:00 mail postfix/postfix-script[20145]: starting the Postfix mail system
2025-07-27T21:54:09.343613+03:00 mail postfix/master[20146]: fatal: chmod socket private/smtpd: Invalid argument
2025-07-27T21:54:15.514271+03:00 mail postfix/postfix-script[20225]: starting the Postfix mail system
2025-07-27T21:54:15.520356+03:00 mail postfix/master[20226]: fatal: chmod socket private/smtpd: Invalid argument
2025-07-27T21:54:21.736570+03:00 mail postfix/postfix-script[20306]: starting the Postfix mail system
2025-07-27T21:54:21.746856+03:00 mail postfix/master[20307]: fatal: chmod socket private/smtpd: Invalid argument
2025-07-27T21:54:27.692330+03:00 mail postfix/postfix-script[20382]: starting the Postfix mail system
2025-07-27T21:54:27.695041+03:00 mail postfix/master[20383]: fatal: chmod socket private/smtpd: Invalid argument
2025-07-27T21:54:33.950108+03:00 mail postfix/postfix-script[20464]: starting the Postfix mail system
2025-07-27T21:54:33.953334+03:00 mail postfix/master[20465]: fatal: chmod socket private/smtpd: Invalid argument
2025-07-27T21:54:40.335023+03:00 mail postfix/postfix-script[20543]: starting the Postfix mail system
2025-07-27T21:54:40.340925+03:00 mail postfix/master[20544]: fatal: chmod socket private/smtpd: Invalid argument
2025-07-27T21:54:46.315371+03:00 mail postfix/postfix-script[20622]: starting the Postfix mail system
2025-07-27T21:54:46.319689+03:00 mail postfix/master[20623]: fatal: chmod socket private/smtpd: Invalid argument
2025-07-27T21:54:52.367601+03:00 mail postfix/postfix-script[20701]: starting the Postfix mail system
2025-07-27T21:54:52.376552+03:00 mail postfix/master[20702]: fatal: chmod socket private/smtpd: Invalid argument
2025-07-27T21:54:58.440775+03:00 mail postfix/postfix-script[20780]: starting the Postfix mail system
2025-07-27T21:54:58.442998+03:00 mail postfix/master[20781]: fatal: chmod socket private/smtpd: Invalid argument
2025-07-27T21:55:04.548564+03:00 mail postfix/postfix-script[20859]: starting the Postfix mail system
2025-07-27T21:55:04.550983+03:00 mail postfix/master[20860]: fatal: chmod socket private/smtpd: Invalid argument
2025-07-27T21:55:10.674636+03:00 mail postfix/postfix-script[20938]: starting the Postfix mail system
2025-07-27T21:55:10.677674+03:00 mail postfix/master[20939]: fatal: chmod socket private/smtpd: Invalid argument
2025-07-27T21:55:16.755989+03:00 mail postfix/postfix-script[21017]: starting the Postfix mail system
2025-07-27T21:55:16.759024+03:00 mail postfix/master[21018]: fatal: chmod socket private/smtpd: Invalid argument
2025-07-27T21:55:22.843789+03:00 mail postfix/postfix-script[21096]: starting the Postfix mail system
2025-07-27T21:55:22.846958+03:00 mail postfix/master[21097]: fatal: chmod socket private/smtpd: Invalid argument
2025-07-27T21:55:28.915151+03:00 mail postfix/postfix-script[21175]: starting the Postfix mail system
2025-07-27T21:55:28.917721+03:00 mail postfix/master[21176]: fatal: chmod socket private/smtpd: Invalid argument
2025-07-27T21:55:34.997268+03:00 mail postfix/postfix-script[21254]: starting the Postfix mail system
2025-07-27T21:55:35.000082+03:00 mail postfix/master[21255]: fatal: chmod socket private/smtpd: Invalid argument
2025-07-27T21:55:41.083173+03:00 mail postfix/postfix-script[21333]: starting the Postfix mail system
2025-07-27T21:55:41.086056+03:00 mail postfix/master[21334]: fatal: chmod socket private/smtpd: Invalid argument
2025-07-27T21:55:47.211800+03:00 mail postfix/postfix-script[21412]: starting the Postfix mail system
2025-07-27T21:55:47.214895+03:00 mail postfix/master[21413]: fatal: chmod socket private/smtpd: Invalid argument
2025-07-27T21:55:53.260602+03:00 mail postfix/postfix-script[21491]: starting the Postfix mail system
2025-07-27T21:55:53.263158+03:00 mail postfix/master[21492]: fatal: chmod socket private/smtpd: Invalid argument
2025-07-27T21:55:59.355947+03:00 mail postfix/postfix-script[21570]: starting the Postfix mail system
2025-07-27T21:55:59.358604+03:00 mail postfix/master[21571]: fatal: chmod socket private/smtpd: Invalid argument
2025-07-27T21:56:05.430764+03:00 mail postfix/postfix-script[21649]: starting the Postfix mail system
2025-07-27T21:56:05.433066+03:00 mail postfix/master[21650]: fatal: chmod socket private/smtpd: Invalid argument
2025-07-27T21:56:11.517298+03:00 mail postfix/postfix-script[21728]: starting the Postfix mail system
2025-07-27T21:56:11.520081+03:00 mail postfix/master[21729]: fatal: chmod socket private/smtpd: Invalid argument
2025-07-27T21:56:17.637187+03:00 mail postfix/postfix-script[21807]: starting the Postfix mail system
2025-07-27T21:56:17.639822+03:00 mail postfix/master[21808]: fatal: chmod socket private/smtpd: Invalid argument
2025-07-27T21:56:23.701150+03:00 mail postfix/postfix-script[21886]: starting the Postfix mail system
2025-07-27T21:56:23.703615+03:00 mail postfix/master[21887]: fatal: chmod socket private/smtpd: Invalid argument
2025-07-27T21:56:29.785236+03:00 mail postfix/postfix-script[21965]: starting the Postfix mail system
2025-07-27T21:56:29.787815+03:00 mail postfix/master[21966]: fatal: chmod socket private/smtpd: Invalid argument
2025-07-27T21:56:35.882070+03:00 mail postfix/postfix-script[22044]: starting the Postfix mail system
2025-07-27T21:56:35.884406+03:00 mail postfix/master[22045]: fatal: chmod socket private/smtpd: Invalid argument
2025-07-27T21:56:41.947496+03:00 mail postfix/postfix-script[22123]: starting the Postfix mail system
2025-07-27T21:56:41.950234+03:00 mail postfix/master[22124]: fatal: chmod socket private/smtpd: Invalid argument
2025-07-27T21:56:48.037244+03:00 mail postfix/postfix-script[22202]: starting the Postfix mail system
2025-07-27T21:56:48.039579+03:00 mail postfix/master[22203]: fatal: chmod socket private/smtpd: Invalid argument
2025-07-27T21:56:54.205465+03:00 mail postfix/postfix-script[22281]: starting the Postfix mail system
2025-07-27T21:56:54.207959+03:00 mail postfix/master[22282]: fatal: chmod socket private/smtpd: Invalid argument
2025-07-27T21:57:00.343486+03:00 mail postfix/postfix-script[22360]: starting the Postfix mail system
2025-07-27T21:57:00.347838+03:00 mail postfix/master[22361]: fatal: chmod socket private/smtpd: Invalid argument
2025-07-27T21:57:06.487364+03:00 mail postfix/postfix-script[22439]: starting the Postfix mail system
2025-07-27T21:57:06.490142+03:00 mail postfix/master[22440]: fatal: chmod socket private/smtpd: Invalid argument
2025-07-27T21:57:12.546714+03:00 mail postfix/postfix-script[22518]: starting the Postfix mail system
2025-07-27T21:57:12.549086+03:00 mail postfix/master[22519]: fatal: chmod socket private/smtpd: Invalid argument
2025-07-27T21:57:18.623257+03:00 mail postfix/postfix-script[22597]: starting the Postfix mail system
2025-07-27T21:57:18.625786+03:00 mail postfix/master[22598]: fatal: chmod socket private/smtpd: Invalid argument
2025-07-27T21:57:24.694447+03:00 mail postfix/postfix-script[22676]: starting the Postfix mail system
2025-07-27T21:57:24.697380+03:00 mail postfix/master[22677]: fatal: chmod socket private/smtpd: Invalid argument
2025-07-27T21:57:30.784996+03:00 mail postfix/postfix-script[22755]: starting the Postfix mail system
2025-07-27T21:57:30.787178+03:00 mail postfix/master[22756]: fatal: chmod socket private/smtpd: Invalid argument
2025-07-27T21:57:36.865495+03:00 mail postfix/postfix-script[22834]: starting the Postfix mail system
2025-07-27T21:57:36.868455+03:00 mail postfix/master[22835]: fatal: chmod socket private/smtpd: Invalid argument
2025-07-27T21:57:43.000834+03:00 mail postfix/postfix-script[22913]: starting the Postfix mail system
2025-07-27T21:57:43.004921+03:00 mail postfix/master[22914]: fatal: chmod socket private/smtpd: Invalid argument
2025-07-27T21:57:49.063179+03:00 mail postfix/postfix-script[22992]: starting the Postfix mail system
2025-07-27T21:57:49.066143+03:00 mail postfix/master[22993]: fatal: chmod socket private/smtpd: Invalid argument
2025-07-27T21:57:55.161778+03:00 mail postfix/postfix-script[23071]: starting the Postfix mail system
2025-07-27T21:57:55.168146+03:00 mail postfix/master[23072]: fatal: chmod socket private/smtpd: Invalid argument
2025-07-27T21:58:00.286306+03:00 mail postfix/postfix-script[23150]: starting the Postfix mail system
2025-07-27T21:58:00.290207+03:00 mail postfix/master[23151]: fatal: chmod socket private/smtpd: Invalid argument
2025-07-27T21:58:06.365556+03:00 mail postfix/postfix-script[23229]: starting the Postfix mail system
2025-07-27T21:58:06.371757+03:00 mail postfix/master[23230]: fatal: chmod socket private/smtpd: Invalid argument
2025-07-27T21:58:12.486113+03:00 mail postfix/postfix-script[23308]: starting the Postfix mail system
2025-07-27T21:58:12.489301+03:00 mail postfix/master[23309]: fatal: chmod socket private/smtpd: Invalid argument
2025-07-27T21:58:18.568525+03:00 mail postfix/postfix-script[23387]: starting the Postfix mail system
2025-07-27T21:58:18.571835+03:00 mail postfix/master[23388]: fatal: chmod socket private/smtpd: Invalid argument
2025-07-27T21:58:23.650656+03:00 mail postfix/postfix-script[23463]: starting the Postfix mail system
2025-07-27T21:58:23.656066+03:00 mail postfix/master[23464]: fatal: chmod socket private/smtpd: Invalid argument
2025-07-27T21:58:28.685478+03:00 mail postfix/postfix-script[23542]: starting the Postfix mail system
2025-07-27T21:58:28.688152+03:00 mail postfix/master[23543]: fatal: chmod socket private/smtpd: Invalid argument
2025-07-27T21:58:34.839375+03:00 mail postfix/postfix-script[23621]: starting the Postfix mail system
2025-07-27T21:58:34.845801+03:00 mail postfix/master[23622]: fatal: chmod socket private/smtpd: Invalid argument
2025-07-27T21:58:40.886130+03:00 mail postfix/postfix-script[23700]: starting the Postfix mail system
2025-07-27T21:58:40.888907+03:00 mail postfix/master[23701]: fatal: chmod socket private/smtpd: Invalid argument
2025-07-27T21:58:47.014049+03:00 mail postfix/postfix-script[23779]: starting the Postfix mail system
2025-07-27T21:58:47.016415+03:00 mail postfix/master[23780]: fatal: chmod socket private/smtpd: Invalid argument
2025-07-27T21:58:53.077561+03:00 mail postfix/postfix-script[23858]: starting the Postfix mail system
2025-07-27T21:58:53.081723+03:00 mail postfix/master[23859]: fatal: chmod socket private/smtpd: Invalid argument
2025-07-27T21:58:58.159309+03:00 mail postfix/postfix-script[23934]: starting the Postfix mail system
2025-07-27T21:58:58.162880+03:00 mail postfix/master[23935]: fatal: chmod socket private/smtpd: Invalid argument
2025-07-27T21:59:04.249916+03:00 mail postfix/postfix-script[24013]: starting the Postfix mail system
2025-07-27T21:59:04.252367+03:00 mail postfix/master[24014]: fatal: chmod socket private/smtpd: Invalid argument
2025-07-27T21:59:09.333552+03:00 mail postfix/postfix-script[24092]: starting the Postfix mail system
2025-07-27T21:59:09.336102+03:00 mail postfix/master[24093]: fatal: chmod socket private/smtpd: Invalid argument
2025-07-27T21:59:15.462626+03:00 mail postfix/postfix-script[24171]: starting the Postfix mail system
2025-07-27T21:59:15.465218+03:00 mail postfix/master[24172]: fatal: chmod socket private/smtpd: Invalid argument
2025-07-27T21:59:21.614893+03:00 mail postfix/postfix-script[24250]: starting the Postfix mail system
2025-07-27T21:59:21.617914+03:00 mail postfix/master[24251]: fatal: chmod socket private/smtpd: Invalid argument
2025-07-27T21:59:27.719840+03:00 mail postfix/postfix-script[24329]: starting the Postfix mail system
2025-07-27T21:59:27.722639+03:00 mail postfix/master[24330]: fatal: chmod socket private/smtpd: Invalid argument
2025-07-27T21:59:32.822649+03:00 mail postfix/postfix-script[24405]: starting the Postfix mail system
2025-07-27T21:59:32.825623+03:00 mail postfix/master[24406]: fatal: chmod socket private/smtpd: Invalid argument
2025-07-27T21:59:38.902858+03:00 mail postfix/postfix-script[24484]: starting the Postfix mail system
2025-07-27T21:59:38.905560+03:00 mail postfix/master[24485]: fatal: chmod socket private/smtpd: Invalid argument
2025-07-27T21:59:45.049015+03:00 mail postfix/postfix-script[24563]: starting the Postfix mail system
2025-07-27T21:59:45.053341+03:00 mail postfix/master[24564]: fatal: chmod socket private/smtpd: Invalid argument
2025-07-27T21:59:51.113139+03:00 mail postfix/postfix-script[24642]: starting the Postfix mail system
2025-07-27T21:59:51.115707+03:00 mail postfix/master[24643]: fatal: chmod socket private/smtpd: Invalid argument
2025-07-27T21:59:57.288954+03:00 mail postfix/postfix-script[24724]: starting the Postfix mail system
2025-07-27T21:59:57.293140+03:00 mail postfix/master[24725]: fatal: chmod socket private/smtpd: Invalid argument
2025-07-27T22:00:03.370135+03:00 mail postfix/postfix-script[24803]: starting the Postfix mail system
2025-07-27T22:00:03.375082+03:00 mail postfix/master[24804]: fatal: chmod socket private/smtpd: Invalid argument
2025-07-27T22:00:09.477371+03:00 mail postfix/postfix-script[24882]: starting the Postfix mail system
2025-07-27T22:00:09.480178+03:00 mail postfix/master[24883]: fatal: chmod socket private/smtpd: Invalid argument
2025-07-27T22:00:15.627461+03:00 mail postfix/postfix-script[24961]: starting the Postfix mail system
2025-07-27T22:00:15.638311+03:00 mail postfix/master[24962]: fatal: chmod socket private/smtpd: Invalid argument
2025-07-27T22:00:21.811969+03:00 mail postfix/postfix-script[25040]: starting the Postfix mail system
2025-07-27T22:00:21.815124+03:00 mail postfix/master[25041]: fatal: chmod socket private/smtpd: Invalid argument
2025-07-27T22:00:27.831737+03:00 mail postfix/postfix-script[25119]: starting the Postfix mail system
2025-07-27T22:00:27.834438+03:00 mail postfix/master[25120]: fatal: chmod socket private/smtpd: Invalid argument
2025-07-27T22:00:32.897941+03:00 mail postfix/postfix-script[25195]: starting the Postfix mail system
2025-07-27T22:00:32.900508+03:00 mail postfix/master[25196]: fatal: chmod socket private/smtpd: Invalid argument
2025-07-27T22:00:38.968538+03:00 mail postfix/postfix-script[25274]: starting the Postfix mail system
2025-07-27T22:00:38.971126+03:00 mail postfix/master[25275]: fatal: chmod socket private/smtpd: Invalid argument
2025-07-27T22:00:45.060936+03:00 mail postfix/postfix-script[25353]: starting the Postfix mail system
2025-07-27T22:00:45.064949+03:00 mail postfix/master[25354]: fatal: chmod socket private/smtpd: Invalid argument
2025-07-27T22:00:51.152434+03:00 mail postfix/postfix-script[25432]: starting the Postfix mail system
2025-07-27T22:00:51.155079+03:00 mail postfix/master[25433]: fatal: chmod socket private/smtpd: Invalid argument
2025-07-27T22:00:57.229550+03:00 mail postfix/postfix-script[25511]: starting the Postfix mail system
2025-07-27T22:00:57.232364+03:00 mail postfix/master[25512]: fatal: chmod socket private/smtpd: Invalid argument
2025-07-27T22:01:03.315357+03:00 mail postfix/postfix-script[25590]: starting the Postfix mail system
2025-07-27T22:01:03.318703+03:00 mail postfix/master[25591]: fatal: chmod socket private/smtpd: Invalid argument
2025-07-27T22:01:09.394393+03:00 mail postfix/postfix-script[25669]: starting the Postfix mail system
2025-07-27T22:01:09.396895+03:00 mail postfix/master[25670]: fatal: chmod socket private/smtpd: Invalid argument
2025-07-27T22:01:15.526824+03:00 mail postfix/postfix-script[25748]: starting the Postfix mail system
2025-07-27T22:01:15.533768+03:00 mail postfix/master[25749]: fatal: chmod socket private/smtpd: Invalid argument
2025-07-27T22:01:21.681353+03:00 mail postfix/postfix-script[25827]: starting the Postfix mail system
2025-07-27T22:01:21.684049+03:00 mail postfix/master[25828]: fatal: chmod socket private/smtpd: Invalid argument
2025-07-27T22:01:27.809500+03:00 mail postfix/postfix-script[25906]: starting the Postfix mail system
2025-07-27T22:01:27.812254+03:00 mail postfix/master[25907]: fatal: chmod socket private/smtpd: Invalid argument
2025-07-27T22:01:33.902936+03:00 mail postfix/postfix-script[25985]: starting the Postfix mail system
2025-07-27T22:01:33.906085+03:00 mail postfix/master[25986]: fatal: chmod socket private/smtpd: Invalid argument
2025-07-27T22:01:39.967190+03:00 mail postfix/postfix-script[26064]: starting the Postfix mail system
2025-07-27T22:01:39.969635+03:00 mail postfix/master[26065]: fatal: chmod socket private/smtpd: Invalid argument
2025-07-27T22:01:46.082425+03:00 mail postfix/postfix-script[26143]: starting the Postfix mail system
2025-07-27T22:01:46.086425+03:00 mail postfix/master[26144]: fatal: chmod socket private/smtpd: Invalid argument
2025-07-27T22:01:52.188743+03:00 mail postfix/postfix-script[26222]: starting the Postfix mail system
2025-07-27T22:01:52.191438+03:00 mail postfix/master[26223]: fatal: chmod socket private/smtpd: Invalid argument
2025-07-27T22:01:58.285012+03:00 mail postfix/postfix-script[26301]: starting the Postfix mail system
2025-07-27T22:01:58.288152+03:00 mail postfix/master[26302]: fatal: chmod socket private/smtpd: Invalid argument
2025-07-27T22:02:03.348693+03:00 mail postfix/postfix-script[26380]: starting the Postfix mail system
2025-07-27T22:02:03.351473+03:00 mail postfix/master[26381]: fatal: chmod socket private/smtpd: Invalid argument
2025-07-27T22:02:09.411781+03:00 mail postfix/postfix-script[26459]: starting the Postfix mail system
2025-07-27T22:02:09.414190+03:00 mail postfix/master[26460]: fatal: chmod socket private/smtpd: Invalid argument
2025-07-27T22:02:15.489537+03:00 mail postfix/postfix-script[26538]: starting the Postfix mail system
2025-07-27T22:02:15.492303+03:00 mail postfix/master[26539]: fatal: chmod socket private/smtpd: Invalid argument
2025-07-27T22:02:21.591540+03:00 mail postfix/postfix-script[26617]: starting the Postfix mail system
2025-07-27T22:02:21.593879+03:00 mail postfix/master[26618]: fatal: chmod socket private/smtpd: Invalid argument
2025-07-27T22:02:27.680319+03:00 mail postfix/postfix-script[26696]: starting the Postfix mail system
2025-07-27T22:02:27.682670+03:00 mail postfix/master[26697]: fatal: chmod socket private/smtpd: Invalid argument
2025-07-27T22:02:33.805087+03:00 mail postfix/postfix-script[26775]: starting the Postfix mail system
2025-07-27T22:02:33.807464+03:00 mail postfix/master[26776]: fatal: chmod socket private/smtpd: Invalid argument
2025-07-27T22:02:39.861568+03:00 mail postfix/postfix-script[26854]: starting the Postfix mail system
2025-07-27T22:02:39.864201+03:00 mail postfix/master[26855]: fatal: chmod socket private/smtpd: Invalid argument
2025-07-27T22:02:46.063018+03:00 mail postfix/postfix-script[26933]: starting the Postfix mail system
2025-07-27T22:02:46.065695+03:00 mail postfix/master[26934]: fatal: chmod socket private/smtpd: Invalid argument
2025-07-27T22:02:52.117985+03:00 mail postfix/postfix-script[27012]: starting the Postfix mail system
2025-07-27T22:02:52.120672+03:00 mail postfix/master[27013]: fatal: chmod socket private/smtpd: Invalid argument
2025-07-27T22:02:57.186054+03:00 mail postfix/postfix-script[27091]: starting the Postfix mail system
2025-07-27T22:02:57.188562+03:00 mail postfix/master[27092]: fatal: chmod socket private/smtpd: Invalid argument
2025-07-27T22:03:03.285937+03:00 mail postfix/postfix-script[27170]: starting the Postfix mail system
2025-07-27T22:03:03.288375+03:00 mail postfix/master[27171]: fatal: chmod socket private/smtpd: Invalid argument
2025-07-27T22:03:09.353271+03:00 mail postfix/postfix-script[27249]: starting the Postfix mail system
2025-07-27T22:03:09.355876+03:00 mail postfix/master[27250]: fatal: chmod socket private/smtpd: Invalid argument
2025-07-27T22:03:15.510538+03:00 mail postfix/postfix-script[27328]: starting the Postfix mail system
2025-07-27T22:03:15.513437+03:00 mail postfix/master[27329]: fatal: chmod socket private/smtpd: Invalid argument
2025-07-27T22:03:21.530331+03:00 mail postfix/postfix-script[27407]: starting the Postfix mail system
2025-07-27T22:03:21.532547+03:00 mail postfix/master[27408]: fatal: chmod socket private/smtpd: Invalid argument
2025-07-27T22:03:27.626441+03:00 mail postfix/postfix-script[27486]: starting the Postfix mail system
2025-07-27T22:03:27.630019+03:00 mail postfix/master[27487]: fatal: chmod socket private/smtpd: Invalid argument
2025-07-27T22:03:33.734799+03:00 mail postfix/postfix-script[27565]: starting the Postfix mail system
2025-07-27T22:03:33.737731+03:00 mail postfix/master[27566]: fatal: chmod socket private/smtpd: Invalid argument
